#
# There is insufficient memory for the Java Runtime Environment to continue.
# Native memory allocation (mmap) failed to map 146800640 bytes for committing reserved memory.
# Possible reasons:
#   The system is out of physical RAM or swap space
#   In 32 bit mode, the process size limit was hit
# Possible solutions:
#   Reduce memory load on the system
#   Increase physical memory or swap space
#   Check if swap backing store is full
#   Use 64 bit Java on a 64 bit OS
#   Decrease Java heap size (-Xmx/-Xms)
#   Decrease number of Java threads
#   Decrease Java thread stack sizes (-Xss)
#   Set larger code cache with -XX:ReservedCodeCacheSize=
# This output file may be truncated or incomplete.
#
#  Out of Memory Error (os_linux.cpp:2640), pid=5134, tid=0x00007f9c3e4c3700
#
# JRE version: OpenJDK Runtime Environment (8.0_152-b01) (build 1.8.0_152-release-915-b01)
# Java VM: OpenJDK 64-Bit Server VM (25.152-b01 mixed mode linux-amd64 compressed oops)
# Failed to write core dump. Core dumps have been disabled. To enable core dumping, try "ulimit -c unlimited" before starting Java again
#

---------------  T H R E A D  ---------------

Current thread (0x00007f9c50074000):  VMThread [stack: 0x00007f9c3e3c3000,0x00007f9c3e4c4000] [id=5150]

Stack: [0x00007f9c3e3c3000,0x00007f9c3e4c4000],  sp=0x00007f9c3e4c24c0,  free space=1021k
Native frames: (J=compiled Java code, j=interpreted, Vv=VM code, C=native code)
V  [libjvm.so+0x9eb15d]  VMError::report_and_die()+0x15d
V  [libjvm.so+0x4b8eaa]  report_vm_out_of_memory(char const*, int, unsigned long, VMErrorType, char const*)+0x8a
V  [libjvm.so+0x851370]  os::pd_commit_memory(char*, unsigned long, unsigned long, bool)+0xf0
V  [libjvm.so+0x84be8f]  os::commit_memory(char*, unsigned long, unsigned long, bool)+0x1f
V  [libjvm.so+0x8c261b]  PSVirtualSpace::expand_by(unsigned long)+0x5b
V  [libjvm.so+0x8c3290]  PSYoungGen::resize_generation(unsigned long, unsigned long)+0xb0
V  [libjvm.so+0x8c35ab]  PSYoungGen::resize(unsigned long, unsigned long)+0x1b
V  [libjvm.so+0x8bfc9c]  PSScavenge::invoke_no_policy()+0xdac
V  [libjvm.so+0x8c0478]  PSScavenge::invoke()+0x38
V  [libjvm.so+0x8748f3]  ParallelScavengeHeap::failed_mem_allocate(unsigned long)+0x63
V  [libjvm.so+0x9ecc84]  VM_ParallelGCFailedAllocation::doit()+0x84
V  [libjvm.so+0x9f1197]  VM_Operation::evaluate()+0x47
V  [libjvm.so+0x9efb78]  VMThread::evaluate_operation(VM_Operation*)+0x2c8
V  [libjvm.so+0x9efff9]  VMThread::loop()+0x219
V  [libjvm.so+0x9f0442]  VMThread::run()+0x72
V  [libjvm.so+0x84e792]  java_start(Thread*)+0xf2

VM_Operation (0x00007f9c3d588d10): ParallelGCFailedAllocation, mode: safepoint, requested by thread 0x00007f9c50149800


---------------  P R O C E S S  ---------------

Java Threads: ( => current thread )
  0x00007f9c5014b000 JavaThread "pool-1-thread-4" [_thread_blocked, id=5176, stack(0x00007f9c3d389000,0x00007f9c3d48a000)]
  0x00007f9c50149800 JavaThread "pool-1-thread-3" [_thread_blocked, id=5174, stack(0x00007f9c3d48a000,0x00007f9c3d58b000)]
  0x00007f9c50148000 JavaThread "pool-1-thread-2" [_thread_blocked, id=5169, stack(0x00007f9c3d58b000,0x00007f9c3d68c000)]
  0x00007f9c5013c800 JavaThread "pool-2-thread-1" [_thread_blocked, id=5168, stack(0x00007f9c3d68c000,0x00007f9c3d78d000)]
  0x00007f9c5013a800 JavaThread "pool-1-thread-1" [_thread_blocked, id=5167, stack(0x00007f9c3d78d000,0x00007f9c3d88e000)]
  0x00007f9c500ba800 JavaThread "Service Thread" daemon [_thread_blocked, id=5160, stack(0x00007f9c3d9b3000,0x00007f9c3dab4000)]
  0x00007f9c500b8000 JavaThread "C1 CompilerThread1" daemon [_thread_blocked, id=5159, stack(0x00007f9c3dab4000,0x00007f9c3dbb5000)]
  0x00007f9c500b5000 JavaThread "C2 CompilerThread0" daemon [_thread_blocked, id=5158, stack(0x00007f9c3dbb5000,0x00007f9c3dcb6000)]
  0x00007f9c500b3800 JavaThread "Signal Dispatcher" daemon [_thread_blocked, id=5157, stack(0x00007f9c3dcb6000,0x00007f9c3ddb7000)]
  0x00007f9c50080800 JavaThread "Finalizer" daemon [_thread_blocked, id=5153, stack(0x00007f9c3e1c1000,0x00007f9c3e2c2000)]
  0x00007f9c5007c000 JavaThread "Reference Handler" daemon [_thread_blocked, id=5152, stack(0x00007f9c3e2c2000,0x00007f9c3e3c3000)]
  0x00007f9c5000b000 JavaThread "main" [_thread_blocked, id=5136, stack(0x00007f9c58144000,0x00007f9c58245000)]

Other Threads:
=>0x00007f9c50074000 VMThread [stack: 0x00007f9c3e3c3000,0x00007f9c3e4c4000] [id=5150]
  0x00007f9c500bd000 WatcherThread [stack: 0x00007f9c3d8b2000,0x00007f9c3d9b3000] [id=5161]

VM state:at safepoint (normal execution)

VM Mutex/Monitor currently owned by a thread:  ([mutex/lock_event])
[0x00007f9c50007390] Threads_lock - owner thread: 0x00007f9c50074000
[0x00007f9c50007890] Heap_lock - owner thread: 0x00007f9c50149800

Heap:
 PSYoungGen      total 141824K, used 16872K [0x00000000eab00000, 0x00000000f4800000, 0x0000000100000000)
  eden space 124928K, 0% used [0x00000000eab00000,0x00000000eab00000,0x00000000f2500000)
  from space 16896K, 99% used [0x00000000f2500000,0x00000000f357a1f0,0x00000000f3580000)
  to   space 14848K, 0% used [0x00000000f3580000,0x00000000f3580000,0x00000000f4400000)
 ParOldGen       total 42496K, used 36414K [0x00000000c0000000, 0x00000000c2980000, 0x00000000eab00000)
  object space 42496K, 85% used [0x00000000c0000000,0x00000000c238fa98,0x00000000c2980000)
 Metaspace       used 6466K, capacity 7192K, committed 7424K, reserved 1056768K
  class space    used 608K, capacity 656K, committed 768K, reserved 1048576K

Card table byte_map: [0x00007f9c54dda000,0x00007f9c54fdb000] byte_map_base: 0x00007f9c547da000

Marking Bits: (ParMarkBitMap*) 0x00007f9c5761e3e0
 Begin Bits: [0x00007f9c3f000000, 0x00007f9c40000000)
 End Bits:   [0x00007f9c40000000, 0x00007f9c41000000)

Polling page: 0x00007f9c5826e000

CodeCache: size=245760Kb used=7319Kb max_used=7319Kb free=238440Kb
 bounds [0x00007f9c41000000, 0x00007f9c41730000, 0x00007f9c50000000]
 total_blobs=2201 nmethods=1934 adapters=182
 compilation: enabled

Compilation events (10 events):
Event: 9,513 Thread 0x00007f9c500b8000 2234 %     3       com.android.dx.cf.code.BaseMachine::popArgs @ 21 (127 bytes)
Event: 9,515 Thread 0x00007f9c500b8000 nmethod 2234% 0x00007f9c41724cd0 code [0x00007f9c41724fe0, 0x00007f9c417269e8]
Event: 9,525 Thread 0x00007f9c500b8000 2235       2       com.android.dx.command.dexer.Main$ClassDefItemConsumer::call (5 bytes)
Event: 9,525 Thread 0x00007f9c500b8000 nmethod 2235 0x00007f9c41727650 code [0x00007f9c417277c0, 0x00007f9c41727928]
Event: 9,525 Thread 0x00007f9c500b8000 2236   !   2       com.android.dx.command.dexer.Main$ClassDefItemConsumer::call (161 bytes)
Event: 9,526 Thread 0x00007f9c500b8000 nmethod 2236 0x00007f9c417279d0 code [0x00007f9c41727bc0, 0x00007f9c41728578]
Event: 9,526 Thread 0x00007f9c500b8000 2237       2       java.util.concurrent.FutureTask::get (23 bytes)
Event: 9,527 Thread 0x00007f9c500b8000 nmethod 2237 0x00007f9c41728dd0 code [0x00007f9c41728f40, 0x00007f9c417290f8]
Event: 9,538 Thread 0x00007f9c500b8000 2238       2       com.android.dx.cf.attrib.AttInnerClasses::byteLength (14 bytes)
Event: 9,539 Thread 0x00007f9c500b8000 nmethod 2238 0x00007f9c417291d0 code [0x00007f9c41729340, 0x00007f9c417294b0]

GC Heap History (10 events):
Event: 1,799 GC heap after
Heap after GC invocations=2 (full 0):
 PSYoungGen      total 34304K, used 2557K [0x00000000eab00000, 0x00000000ecf00000, 0x0000000100000000)
  eden space 31744K, 0% used [0x00000000eab00000,0x00000000eab00000,0x00000000eca00000)
  from space 2560K, 99% used [0x00000000ecc80000,0x00000000eceff420,0x00000000ecf00000)
  to   space 2560K, 0% used [0x00000000eca00000,0x00000000eca00000,0x00000000ecc80000)
 ParOldGen       total 42496K, used 2284K [0x00000000c0000000, 0x00000000c2980000, 0x00000000eab00000)
  object space 42496K, 5% used [0x00000000c0000000,0x00000000c023b1f8,0x00000000c2980000)
 Metaspace       used 5753K, capacity 6640K, committed 6784K, reserved 1056768K
  class space    used 585K, capacity 616K, committed 640K, reserved 1048576K
}
Event: 3,085 GC heap before
{Heap before GC invocations=3 (full 0):
 PSYoungGen      total 34304K, used 34301K [0x00000000eab00000, 0x00000000ecf00000, 0x0000000100000000)
  eden space 31744K, 100% used [0x00000000eab00000,0x00000000eca00000,0x00000000eca00000)
  from space 2560K, 99% used [0x00000000ecc80000,0x00000000eceff420,0x00000000ecf00000)
  to   space 2560K, 0% used [0x00000000eca00000,0x00000000eca00000,0x00000000ecc80000)
 ParOldGen       total 42496K, used 2284K [0x00000000c0000000, 0x00000000c2980000, 0x00000000eab00000)
  object space 42496K, 5% used [0x00000000c0000000,0x00000000c023b1f8,0x00000000c2980000)
 Metaspace       used 5864K, capacity 6768K, committed 7040K, reserved 1056768K
  class space    used 587K, capacity 616K, committed 640K, reserved 1048576K
Event: 3,171 GC heap after
Heap after GC invocations=3 (full 0):
 PSYoungGen      total 34304K, used 2558K [0x00000000eab00000, 0x00000000eee00000, 0x0000000100000000)
  eden space 31744K, 0% used [0x00000000eab00000,0x00000000eab00000,0x00000000eca00000)
  from space 2560K, 99% used [0x00000000eca00000,0x00000000ecc7f8d0,0x00000000ecc80000)
  to   space 2560K, 0% used [0x00000000eeb80000,0x00000000eeb80000,0x00000000eee00000)
 ParOldGen       total 42496K, used 7379K [0x00000000c0000000, 0x00000000c2980000, 0x00000000eab00000)
  object space 42496K, 17% used [0x00000000c0000000,0x00000000c0734e10,0x00000000c2980000)
 Metaspace       used 5864K, capacity 6768K, committed 7040K, reserved 1056768K
  class space    used 587K, capacity 616K, committed 640K, reserved 1048576K
}
Event: 4,058 GC heap before
{Heap before GC invocations=4 (full 0):
 PSYoungGen      total 34304K, used 34302K [0x00000000eab00000, 0x00000000eee00000, 0x0000000100000000)
  eden space 31744K, 100% used [0x00000000eab00000,0x00000000eca00000,0x00000000eca00000)
  from space 2560K, 99% used [0x00000000eca00000,0x00000000ecc7f8d0,0x00000000ecc80000)
  to   space 2560K, 0% used [0x00000000eeb80000,0x00000000eeb80000,0x00000000eee00000)
 ParOldGen       total 42496K, used 7379K [0x00000000c0000000, 0x00000000c2980000, 0x00000000eab00000)
  object space 42496K, 17% used [0x00000000c0000000,0x00000000c0734e10,0x00000000c2980000)
 Metaspace       used 5920K, capacity 6832K, committed 7040K, reserved 1056768K
  class space    used 588K, capacity 616K, committed 640K, reserved 1048576K
Event: 4,162 GC heap after
Heap after GC invocations=4 (full 0):
 PSYoungGen      total 66048K, used 2558K [0x00000000eab00000, 0x00000000eee00000, 0x0000000100000000)
  eden space 63488K, 0% used [0x00000000eab00000,0x00000000eab00000,0x00000000ee900000)
  from space 2560K, 99% used [0x00000000eeb80000,0x00000000eedff8b0,0x00000000eee00000)
  to   space 2560K, 0% used [0x00000000ee900000,0x00000000ee900000,0x00000000eeb80000)
 ParOldGen       total 42496K, used 12636K [0x00000000c0000000, 0x00000000c2980000, 0x00000000eab00000)
  object space 42496K, 29% used [0x00000000c0000000,0x00000000c0c573f0,0x00000000c2980000)
 Metaspace       used 5920K, capacity 6832K, committed 7040K, reserved 1056768K
  class space    used 588K, capacity 616K, committed 640K, reserved 1048576K
}
Event: 5,672 GC heap before
{Heap before GC invocations=5 (full 0):
 PSYoungGen      total 66048K, used 66046K [0x00000000eab00000, 0x00000000eee00000, 0x0000000100000000)
  eden space 63488K, 100% used [0x00000000eab00000,0x00000000ee900000,0x00000000ee900000)
  from space 2560K, 99% used [0x00000000eeb80000,0x00000000eedff8b0,0x00000000eee00000)
  to   space 2560K, 0% used [0x00000000ee900000,0x00000000ee900000,0x00000000eeb80000)
 ParOldGen       total 42496K, used 12636K [0x00000000c0000000, 0x00000000c2980000, 0x00000000eab00000)
  object space 42496K, 29% used [0x00000000c0000000,0x00000000c0c573f0,0x00000000c2980000)
 Metaspace       used 6071K, capacity 6960K, committed 7040K, reserved 1056768K
  class space    used 588K, capacity 616K, committed 640K, reserved 1048576K
Event: 5,861 GC heap after
Heap after GC invocations=5 (full 0):
 PSYoungGen      total 66048K, used 2558K [0x00000000eab00000, 0x00000000f4400000, 0x0000000100000000)
  eden space 63488K, 0% used [0x00000000eab00000,0x00000000eab00000,0x00000000ee900000)
  from space 2560K, 99% used [0x00000000ee900000,0x00000000eeb7f8b0,0x00000000eeb80000)
  to   space 14848K, 0% used [0x00000000f3580000,0x00000000f3580000,0x00000000f4400000)
 ParOldGen       total 42496K, used 22749K [0x00000000c0000000, 0x00000000c2980000, 0x00000000eab00000)
  object space 42496K, 53% used [0x00000000c0000000,0x00000000c1637798,0x00000000c2980000)
 Metaspace       used 6071K, capacity 6960K, committed 7040K, reserved 1056768K
  class space    used 588K, capacity 616K, committed 640K, reserved 1048576K
}
Event: 7,115 GC heap before
{Heap before GC invocations=6 (full 0):
 PSYoungGen      total 66048K, used 66046K [0x00000000eab00000, 0x00000000f4400000, 0x0000000100000000)
  eden space 63488K, 100% used [0x00000000eab00000,0x00000000ee900000,0x00000000ee900000)
  from space 2560K, 99% used [0x00000000ee900000,0x00000000eeb7f8b0,0x00000000eeb80000)
  to   space 14848K, 0% used [0x00000000f3580000,0x00000000f3580000,0x00000000f4400000)
 ParOldGen       total 42496K, used 22749K [0x00000000c0000000, 0x00000000c2980000, 0x00000000eab00000)
  object space 42496K, 53% used [0x00000000c0000000,0x00000000c1637798,0x00000000c2980000)
 Metaspace       used 6160K, capacity 7024K, committed 7296K, reserved 1056768K
  class space    used 588K, capacity 616K, committed 640K, reserved 1048576K
Event: 7,246 GC heap after
Heap after GC invocations=6 (full 0):
 PSYoungGen      total 139776K, used 12859K [0x00000000eab00000, 0x00000000f4800000, 0x0000000100000000)
  eden space 124928K, 0% used [0x00000000eab00000,0x00000000eab00000,0x00000000f2500000)
  from space 14848K, 86% used [0x00000000f3580000,0x00000000f420ef78,0x00000000f4400000)
  to   space 16896K, 0% used [0x00000000f2500000,0x00000000f2500000,0x00000000f3580000)
 ParOldGen       total 42496K, used 22757K [0x00000000c0000000, 0x00000000c2980000, 0x00000000eab00000)
  object space 42496K, 53% used [0x00000000c0000000,0x00000000c1639798,0x00000000c2980000)
 Metaspace       used 6160K, capacity 7024K, committed 7296K, reserved 1056768K
  class space    used 588K, capacity 616K, committed 640K, reserved 1048576K
}
Event: 9,549 GC heap before
{Heap before GC invocations=7 (full 0):
 PSYoungGen      total 139776K, used 137787K [0x00000000eab00000, 0x00000000f4800000, 0x0000000100000000)
  eden space 124928K, 100% used [0x00000000eab00000,0x00000000f2500000,0x00000000f2500000)
  from space 14848K, 86% used [0x00000000f3580000,0x00000000f420ef78,0x00000000f4400000)
  to   space 16896K, 0% used [0x00000000f2500000,0x00000000f2500000,0x00000000f3580000)
 ParOldGen       total 42496K, used 22757K [0x00000000c0000000, 0x00000000c2980000, 0x00000000eab00000)
  object space 42496K, 53% used [0x00000000c0000000,0x00000000c1639798,0x00000000c2980000)
 Metaspace       used 6466K, capacity 7192K, committed 7424K, reserved 1056768K
  class space    used 608K, capacity 656K, committed 768K, reserved 1048576K

Deoptimization events (10 events):
Event: 3,616 Thread 0x00007f9c5013a800 Uncommon trap: reason=bimorphic action=maybe_recompile pc=0x00007f9c41244f20 method=java.util.HashMap.getNode(ILjava/lang/Object;)Ljava/util/HashMap$Node; @ 126
Event: 3,616 Thread 0x00007f9c5013a800 Uncommon trap: reason=bimorphic action=maybe_recompile pc=0x00007f9c41244f20 method=java.util.HashMap.getNode(ILjava/lang/Object;)Ljava/util/HashMap$Node; @ 126
Event: 3,617 Thread 0x00007f9c5013a800 Uncommon trap: reason=bimorphic action=maybe_recompile pc=0x00007f9c41244f20 method=java.util.HashMap.getNode(ILjava/lang/Object;)Ljava/util/HashMap$Node; @ 126
Event: 3,617 Thread 0x00007f9c5013a800 Uncommon trap: reason=bimorphic action=maybe_recompile pc=0x00007f9c41244f20 method=java.util.HashMap.getNode(ILjava/lang/Object;)Ljava/util/HashMap$Node; @ 126
Event: 3,626 Thread 0x00007f9c5013a800 Uncommon trap: reason=bimorphic action=maybe_recompile pc=0x00007f9c4131fa1c method=java.util.HashMap.getNode(ILjava/lang/Object;)Ljava/util/HashMap$Node; @ 126
Event: 3,695 Thread 0x00007f9c50149800 Uncommon trap: reason=null_check action=make_not_entrant pc=0x00007f9c41311114 method=com.android.dx.ssa.SsaRenamer.getLocalForNewReg(I)Lcom/android/dx/rop/code/LocalItem; @ 19
Event: 5,874 Thread 0x00007f9c5013a800 Uncommon trap: reason=unstable_if action=reinterpret pc=0x00007f9c414d9fa8 method=com.android.dx.ssa.SsaRenamer$BlockRenamer.visitMoveInsn(Lcom/android/dx/ssa/NormalSsaInsn;)V @ 104
Event: 8,765 Thread 0x00007f9c50149800 Uncommon trap: reason=unstable_if action=reinterpret pc=0x00007f9c416b0ab8 method=java.util.HashMap.putVal(ILjava/lang/Object;Ljava/lang/Object;ZZ)Ljava/lang/Object; @ 94
Event: 8,921 Thread 0x00007f9c5014b000 Uncommon trap: reason=unstable_if action=reinterpret pc=0x00007f9c4137afbc method=java.util.HashMap.putVal(ILjava/lang/Object;Ljava/lang/Object;ZZ)Ljava/lang/Object; @ 162
Event: 9,164 Thread 0x00007f9c5013a800 Uncommon trap: reason=unstable_if action=reinterpret pc=0x00007f9c4137ffe4 method=java.util.HashMap.getNode(ILjava/lang/Object;)Ljava/util/HashMap$Node; @ 84

Classes redefined (0 events):
No events

Internal exceptions (6 events):
Event: 0,034 Thread 0x00007f9c5000b000 Exception <a 'java/lang/NoSuchMethodError': Method sun.misc.Unsafe.defineClass(Ljava/lang/String;[BII)Ljava/lang/Class; name or signature does not match> (0x00000000eab07ca8) thrown at [/ssd/Android/AOSP-openjdk-git/jdk8u/hotspot/src/share/vm/prims/jni.cp
Event: 0,034 Thread 0x00007f9c5000b000 Exception <a 'java/lang/NoSuchMethodError': Method sun.misc.Unsafe.prefetchRead(Ljava/lang/Object;J)V name or signature does not match> (0x00000000eab07f90) thrown at [/ssd/Android/AOSP-openjdk-git/jdk8u/hotspot/src/share/vm/prims/jni.cpp, line 4011]
Event: 3,695 Thread 0x00007f9c50149800 Implicit null exception at 0x00007f9c4130e963 to 0x00007f9c413110f1
Event: 8,923 Thread 0x00007f9c5014b000 Exception <a 'java/lang/ArrayIndexOutOfBoundsException': 18> (0x00000000f02d1358) thrown at [/ssd/Android/AOSP-openjdk-git/jdk8u/hotspot/src/share/vm/interpreter/interpreterRuntime.cpp, line 366]
Event: 8,924 Thread 0x00007f9c5014b000 Exception <a 'java/lang/ArrayIndexOutOfBoundsException': 145> (0x00000000f02d2ed8) thrown at [/ssd/Android/AOSP-openjdk-git/jdk8u/hotspot/src/share/vm/interpreter/interpreterRuntime.cpp, line 366]
Event: 8,925 Thread 0x00007f9c5014b000 Exception <a 'java/lang/ArrayIndexOutOfBoundsException': 40> (0x00000000f02d41c0) thrown at [/ssd/Android/AOSP-openjdk-git/jdk8u/hotspot/src/share/vm/interpreter/interpreterRuntime.cpp, line 366]

Events (10 events):
Event: 9,280 Thread 0x00007f9c5000b000 DEOPT UNPACKING pc=0x00007f9c41046f73 sp=0x00007f9c58242d50 mode 0
Event: 9,281 Thread 0x00007f9c5000b000 DEOPT PACKING pc=0x00007f9c415abe81 sp=0x00007f9c58242e20
Event: 9,281 Thread 0x00007f9c5000b000 DEOPT UNPACKING pc=0x00007f9c41046f73 sp=0x00007f9c58242c00 mode 0
Event: 9,394 Thread 0x00007f9c5014b000 DEOPT PACKING pc=0x00007f9c415a6e11 sp=0x00007f9c3d4885a0
Event: 9,401 Thread 0x00007f9c5014b000 DEOPT UNPACKING pc=0x00007f9c41046f73 sp=0x00007f9c3d4883c8 mode 0
Event: 9,410 Thread 0x00007f9c50148000 DEOPT PACKING pc=0x00007f9c414a56c3 sp=0x00007f9c3d68a3c0
Event: 9,410 Thread 0x00007f9c50148000 DEOPT UNPACKING pc=0x00007f9c41046f73 sp=0x00007f9c3d68a130 mode 0
Event: 9,410 Thread 0x00007f9c5000b000 DEOPT PACKING pc=0x00007f9c414a806c sp=0x00007f9c582428c0
Event: 9,410 Thread 0x00007f9c5000b000 DEOPT UNPACKING pc=0x00007f9c41046f73 sp=0x00007f9c582426a8 mode 0
Event: 9,548 Executing VM operation: ParallelGCFailedAllocation


Dynamic libraries:
00400000-00401000 r-xp 00000000 08:06 2102089                            /home/lubuntupc/Dokumenty/android-studio/jre/bin/java
00600000-00601000 r--p 00000000 08:06 2102089                            /home/lubuntupc/Dokumenty/android-studio/jre/bin/java
00601000-00602000 rw-p 00001000 08:06 2102089                            /home/lubuntupc/Dokumenty/android-studio/jre/bin/java
024b3000-024d4000 rw-p 00000000 00:00 0                                  [heap]
c0000000-c2980000 rw-p 00000000 00:00 0 
c2980000-eab00000 ---p 00000000 00:00 0 
eab00000-f4800000 rw-p 00000000 00:00 0 
fd400000-100000000 ---p 00000000 00:00 0 
100000000-1000c0000 rw-p 00000000 00:00 0 
1000c0000-140000000 ---p 00000000 00:00 0 
7f9c00000000-7f9c0002a000 rw-p 00000000 00:00 0 
7f9c0002a000-7f9c04000000 ---p 00000000 00:00 0 
7f9c08000000-7f9c08021000 rw-p 00000000 00:00 0 
7f9c08021000-7f9c0c000000 ---p 00000000 00:00 0 
7f9c0c000000-7f9c0c023000 rw-p 00000000 00:00 0 
7f9c0c023000-7f9c10000000 ---p 00000000 00:00 0 
7f9c10000000-7f9c10021000 rw-p 00000000 00:00 0 
7f9c10021000-7f9c14000000 ---p 00000000 00:00 0 
7f9c14000000-7f9c14021000 rw-p 00000000 00:00 0 
7f9c14021000-7f9c18000000 ---p 00000000 00:00 0 
7f9c18000000-7f9c18702000 rw-p 00000000 00:00 0 
7f9c18702000-7f9c1c000000 ---p 00000000 00:00 0 
7f9c1c000000-7f9c1c021000 rw-p 00000000 00:00 0 
7f9c1c021000-7f9c20000000 ---p 00000000 00:00 0 
7f9c20000000-7f9c20021000 rw-p 00000000 00:00 0 
7f9c20021000-7f9c24000000 ---p 00000000 00:00 0 
7f9c24000000-7f9c246be000 rw-p 00000000 00:00 0 
7f9c246be000-7f9c28000000 ---p 00000000 00:00 0 
7f9c28000000-7f9c28021000 rw-p 00000000 00:00 0 
7f9c28021000-7f9c2c000000 ---p 00000000 00:00 0 
7f9c2c000000-7f9c2c021000 rw-p 00000000 00:00 0 
7f9c2c021000-7f9c30000000 ---p 00000000 00:00 0 
7f9c30000000-7f9c30021000 rw-p 00000000 00:00 0 
7f9c30021000-7f9c34000000 ---p 00000000 00:00 0 
7f9c34000000-7f9c3428a000 rw-p 00000000 00:00 0 
7f9c3428a000-7f9c38000000 ---p 00000000 00:00 0 
7f9c38000000-7f9c38021000 rw-p 00000000 00:00 0 
7f9c38021000-7f9c3c000000 ---p 00000000 00:00 0 
7f9c3d365000-7f9c3d389000 r--p 00000000 08:06 8392026                    /usr/share/locale-langpack/pl/LC_MESSAGES/libc.mo
7f9c3d389000-7f9c3d38c000 ---p 00000000 00:00 0 
7f9c3d38c000-7f9c3d48a000 rw-p 00000000 00:00 0 
7f9c3d48a000-7f9c3d48d000 ---p 00000000 00:00 0 
7f9c3d48d000-7f9c3d58b000 rw-p 00000000 00:00 0 
7f9c3d58b000-7f9c3d58e000 ---p 00000000 00:00 0 
7f9c3d58e000-7f9c3d68c000 rw-p 00000000 00:00 0 
7f9c3d68c000-7f9c3d68f000 ---p 00000000 00:00 0 
7f9c3d68f000-7f9c3d78d000 rw-p 00000000 00:00 0 
7f9c3d78d000-7f9c3d790000 ---p 00000000 00:00 0 
7f9c3d790000-7f9c3d88e000 rw-p 00000000 00:00 0 
7f9c3d88e000-7f9c3d8a3000 r--s 000e5000 08:06 4326744                    /home/lubuntupc/AndroidStudioProjects/SamplePlayStoreWithArray/app/build/intermediates/exploded-aar/com.android.support/support-v4/23.1.1/jars/classes.jar
7f9c3d8a3000-7f9c3d8b2000 r--s 000df000 08:06 6299099                    /home/lubuntupc/Android/Sdk/build-tools/23.0.2/lib/dx.jar
7f9c3d8b2000-7f9c3d8b3000 ---p 00000000 00:00 0 
7f9c3d8b3000-7f9c3d9b3000 rw-p 00000000 00:00 0 
7f9c3d9b3000-7f9c3d9b6000 ---p 00000000 00:00 0 
7f9c3d9b6000-7f9c3dab4000 rw-p 00000000 00:00 0 
7f9c3dab4000-7f9c3dab7000 ---p 00000000 00:00 0 
7f9c3dab7000-7f9c3dbb5000 rw-p 00000000 00:00 0 
7f9c3dbb5000-7f9c3dbb8000 ---p 00000000 00:00 0 
7f9c3dbb8000-7f9c3dcb6000 rw-p 00000000 00:00 0 
7f9c3dcb6000-7f9c3dcb9000 ---p 00000000 00:00 0 
7f9c3dcb9000-7f9c3ddb7000 rw-p 00000000 00:00 0 
7f9c3ddb7000-7f9c3e1c1000 r--p 00000000 08:06 7865867                    /usr/lib/locale/locale-archive
7f9c3e1c1000-7f9c3e1c4000 ---p 00000000 00:00 0 
7f9c3e1c4000-7f9c3e2c2000 rw-p 00000000 00:00 0 
7f9c3e2c2000-7f9c3e2c5000 ---p 00000000 00:00 0 
7f9c3e2c5000-7f9c3e3c3000 rw-p 00000000 00:00 0 
7f9c3e3c3000-7f9c3e3c4000 ---p 00000000 00:00 0 
7f9c3e3c4000-7f9c3ee30000 rw-p 00000000 00:00 0 
7f9c3ee30000-7f9c3f000000 r--s 03c46000 08:06 9076912                    /home/lubuntupc/Dokumenty/android-studio/jre/jre/lib/rt.jar
7f9c3f000000-7f9c41000000 rw-p 00000000 00:00 0 
7f9c41000000-7f9c41730000 rwxp 00000000 00:00 0 
7f9c41730000-7f9c50000000 ---p 00000000 00:00 0 
7f9c50000000-7f9c5037d000 rw-p 00000000 00:00 0 
7f9c5037d000-7f9c54000000 ---p 00000000 00:00 0 
7f9c5400c000-7f9c54702000 rw-p 00000000 00:00 0 
7f9c54702000-7f9c54882000 ---p 00000000 00:00 0 
7f9c54882000-7f9c54a82000 rw-p 00000000 00:00 0 
7f9c54a82000-7f9c54a83000 ---p 00000000 00:00 0 
7f9c54a83000-7f9c54b83000 rw-p 00000000 00:00 0 
7f9c54b83000-7f9c54b84000 ---p 00000000 00:00 0 
7f9c54b84000-7f9c54c99000 rw-p 00000000 00:00 0 
7f9c54c99000-7f9c54dda000 ---p 00000000 00:00 0 
7f9c54dda000-7f9c54def000 rw-p 00000000 00:00 0 
7f9c54def000-7f9c54f2f000 ---p 00000000 00:00 0 
7f9c54f2f000-7f9c54f7e000 rw-p 00000000 00:00 0 
7f9c54f7e000-7f9c54fda000 ---p 00000000 00:00 0 
7f9c54fda000-7f9c54ff8000 rw-p 00000000 00:00 0 
7f9c54ff8000-7f9c5539b000 ---p 00000000 00:00 0 
7f9c5539b000-7f9c553b5000 r-xp 00000000 08:06 9313068                    /home/lubuntupc/Dokumenty/android-studio/jre/jre/lib/amd64/libzip.so
7f9c553b5000-7f9c555b5000 ---p 0001a000 08:06 9313068                    /home/lubuntupc/Dokumenty/android-studio/jre/jre/lib/amd64/libzip.so
7f9c555b5000-7f9c555b6000 r--p 0001a000 08:06 9313068                    /home/lubuntupc/Dokumenty/android-studio/jre/jre/lib/amd64/libzip.so
7f9c555b6000-7f9c555b7000 rw-p 0001b000 08:06 9313068                    /home/lubuntupc/Dokumenty/android-studio/jre/jre/lib/amd64/libzip.so
7f9c555b7000-7f9c555c2000 r-xp 00000000 08:06 11010094                   /lib/x86_64-linux-gnu/libnss_files-2.24.so
7f9c555c2000-7f9c557c1000 ---p 0000b000 08:06 11010094                   /lib/x86_64-linux-gnu/libnss_files-2.24.so
7f9c557c1000-7f9c557c2000 r--p 0000a000 08:06 11010094                   /lib/x86_64-linux-gnu/libnss_files-2.24.so
7f9c557c2000-7f9c557c3000 rw-p 0000b000 08:06 11010094                   /lib/x86_64-linux-gnu/libnss_files-2.24.so
7f9c557c3000-7f9c557c9000 rw-p 00000000 00:00 0 
7f9c557c9000-7f9c557d4000 r-xp 00000000 08:06 11010096                   /lib/x86_64-linux-gnu/libnss_nis-2.24.so
7f9c557d4000-7f9c559d3000 ---p 0000b000 08:06 11010096                   /lib/x86_64-linux-gnu/libnss_nis-2.24.so
7f9c559d3000-7f9c559d4000 r--p 0000a000 08:06 11010096                   /lib/x86_64-linux-gnu/libnss_nis-2.24.so
7f9c559d4000-7f9c559d5000 rw-p 0000b000 08:06 11010096                   /lib/x86_64-linux-gnu/libnss_nis-2.24.so
7f9c559d5000-7f9c559eb000 r-xp 00000000 08:06 11010091                   /lib/x86_64-linux-gnu/libnsl-2.24.so
7f9c559eb000-7f9c55bea000 ---p 00016000 08:06 11010091                   /lib/x86_64-linux-gnu/libnsl-2.24.so
7f9c55bea000-7f9c55beb000 r--p 00015000 08:06 11010091                   /lib/x86_64-linux-gnu/libnsl-2.24.so
7f9c55beb000-7f9c55bec000 rw-p 00016000 08:06 11010091                   /lib/x86_64-linux-gnu/libnsl-2.24.so
7f9c55bec000-7f9c55bee000 rw-p 00000000 00:00 0 
7f9c55bee000-7f9c55bf6000 r-xp 00000000 08:06 11010092                   /lib/x86_64-linux-gnu/libnss_compat-2.24.so
7f9c55bf6000-7f9c55df5000 ---p 00008000 08:06 11010092                   /lib/x86_64-linux-gnu/libnss_compat-2.24.so
7f9c55df5000-7f9c55df6000 r--p 00007000 08:06 11010092                   /lib/x86_64-linux-gnu/libnss_compat-2.24.so
7f9c55df6000-7f9c55df7000 rw-p 00008000 08:06 11010092                   /lib/x86_64-linux-gnu/libnss_compat-2.24.so
7f9c55df7000-7f9c55e24000 r-xp 00000000 08:06 9313048                    /home/lubuntupc/Dokumenty/android-studio/jre/jre/lib/amd64/libjava.so
7f9c55e24000-7f9c56023000 ---p 0002d000 08:06 9313048                    /home/lubuntupc/Dokumenty/android-studio/jre/jre/lib/amd64/libjava.so
7f9c56023000-7f9c56024000 r--p 0002c000 08:06 9313048                    /home/lubuntupc/Dokumenty/android-studio/jre/jre/lib/amd64/libjava.so
7f9c56024000-7f9c56026000 rw-p 0002d000 08:06 9313048                    /home/lubuntupc/Dokumenty/android-studio/jre/jre/lib/amd64/libjava.so
7f9c56026000-7f9c56036000 r-xp 00000000 08:06 9313080                    /home/lubuntupc/Dokumenty/android-studio/jre/jre/lib/amd64/libverify.so
7f9c56036000-7f9c56235000 ---p 00010000 08:06 9313080                    /home/lubuntupc/Dokumenty/android-studio/jre/jre/lib/amd64/libverify.so
7f9c56235000-7f9c56237000 r--p 0000f000 08:06 9313080                    /home/lubuntupc/Dokumenty/android-studio/jre/jre/lib/amd64/libverify.so
7f9c56237000-7f9c56238000 rw-p 00011000 08:06 9313080                    /home/lubuntupc/Dokumenty/android-studio/jre/jre/lib/amd64/libverify.so
7f9c56238000-7f9c5623f000 r-xp 00000000 08:06 11014660                   /lib/x86_64-linux-gnu/librt-2.24.so
7f9c5623f000-7f9c5643e000 ---p 00007000 08:06 11014660                   /lib/x86_64-linux-gnu/librt-2.24.so
7f9c5643e000-7f9c5643f000 r--p 00006000 08:06 11014660                   /lib/x86_64-linux-gnu/librt-2.24.so
7f9c5643f000-7f9c56440000 rw-p 00007000 08:06 11014660                   /lib/x86_64-linux-gnu/librt-2.24.so
7f9c56440000-7f9c56548000 r-xp 00000000 08:06 11010088                   /lib/x86_64-linux-gnu/libm-2.24.so
7f9c56548000-7f9c56747000 ---p 00108000 08:06 11010088                   /lib/x86_64-linux-gnu/libm-2.24.so
7f9c56747000-7f9c56748000 r--p 00107000 08:06 11010088                   /lib/x86_64-linux-gnu/libm-2.24.so
7f9c56748000-7f9c56749000 rw-p 00108000 08:06 11010088                   /lib/x86_64-linux-gnu/libm-2.24.so
7f9c56749000-7f9c57341000 r-xp 00000000 08:06 9313067                    /home/lubuntupc/Dokumenty/android-studio/jre/jre/lib/amd64/server/libjvm.so
7f9c57341000-7f9c57541000 ---p 00bf8000 08:06 9313067                    /home/lubuntupc/Dokumenty/android-studio/jre/jre/lib/amd64/server/libjvm.so
7f9c57541000-7f9c575e0000 r--p 00bf8000 08:06 9313067                    /home/lubuntupc/Dokumenty/android-studio/jre/jre/lib/amd64/server/libjvm.so
7f9c575e0000-7f9c57609000 rw-p 00c97000 08:06 9313067                    /home/lubuntupc/Dokumenty/android-studio/jre/jre/lib/amd64/server/libjvm.so
7f9c57609000-7f9c5764d000 rw-p 00000000 00:00 0 
7f9c5764d000-7f9c57665000 r-xp 00000000 08:06 11014460                   /lib/x86_64-linux-gnu/libpthread-2.24.so
7f9c57665000-7f9c57865000 ---p 00018000 08:06 11014460                   /lib/x86_64-linux-gnu/libpthread-2.24.so
7f9c57865000-7f9c57866000 r--p 00018000 08:06 11014460                   /lib/x86_64-linux-gnu/libpthread-2.24.so
7f9c57866000-7f9c57867000 rw-p 00019000 08:06 11014460                   /lib/x86_64-linux-gnu/libpthread-2.24.so
7f9c57867000-7f9c5786b000 rw-p 00000000 00:00 0 
7f9c5786b000-7f9c5786e000 r-xp 00000000 08:06 11010087                   /lib/x86_64-linux-gnu/libdl-2.24.so
7f9c5786e000-7f9c57a6d000 ---p 00003000 08:06 11010087                   /lib/x86_64-linux-gnu/libdl-2.24.so
7f9c57a6d000-7f9c57a6e000 r--p 00002000 08:06 11010087                   /lib/x86_64-linux-gnu/libdl-2.24.so
7f9c57a6e000-7f9c57a6f000 rw-p 00003000 08:06 11010087                   /lib/x86_64-linux-gnu/libdl-2.24.so
7f9c57a6f000-7f9c57c2d000 r-xp 00000000 08:06 11010084                   /lib/x86_64-linux-gnu/libc-2.24.so
7f9c57c2d000-7f9c57e2c000 ---p 001be000 08:06 11010084                   /lib/x86_64-linux-gnu/libc-2.24.so
7f9c57e2c000-7f9c57e30000 r--p 001bd000 08:06 11010084                   /lib/x86_64-linux-gnu/libc-2.24.so
7f9c57e30000-7f9c57e32000 rw-p 001c1000 08:06 11010084                   /lib/x86_64-linux-gnu/libc-2.24.so
7f9c57e32000-7f9c57e36000 rw-p 00000000 00:00 0 
7f9c57e36000-7f9c57e4c000 r-xp 00000000 08:06 8939133                    /home/lubuntupc/Dokumenty/android-studio/jre/lib/amd64/jli/libjli.so
7f9c57e4c000-7f9c5804b000 ---p 00016000 08:06 8939133                    /home/lubuntupc/Dokumenty/android-studio/jre/lib/amd64/jli/libjli.so
7f9c5804b000-7f9c5804c000 r--p 00015000 08:06 8939133                    /home/lubuntupc/Dokumenty/android-studio/jre/lib/amd64/jli/libjli.so
7f9c5804c000-7f9c5804d000 rw-p 00016000 08:06 8939133                    /home/lubuntupc/Dokumenty/android-studio/jre/lib/amd64/jli/libjli.so
7f9c5804d000-7f9c58072000 r-xp 00000000 08:06 11010061                   /lib/x86_64-linux-gnu/ld-2.24.so
7f9c58073000-7f9c58144000 rw-p 00000000 00:00 0 
7f9c58144000-7f9c58147000 ---p 00000000 00:00 0 
7f9c58147000-7f9c58247000 rw-p 00000000 00:00 0 
7f9c5824a000-7f9c58251000 r--s 00000000 08:06 8000846                    /usr/lib/x86_64-linux-gnu/gconv/gconv-modules.cache
7f9c58251000-7f9c58265000 rw-p 00000000 00:00 0 
7f9c58265000-7f9c5826d000 rw-s 00000000 08:06 6299512                    /tmp/hsperfdata_lubuntupc/5134
7f9c5826d000-7f9c5826e000 rw-p 00000000 00:00 0 
7f9c5826e000-7f9c5826f000 ---p 00000000 00:00 0 
7f9c5826f000-7f9c58272000 rw-p 00000000 00:00 0 
7f9c58272000-7f9c58273000 r--p 00025000 08:06 11010061                   /lib/x86_64-linux-gnu/ld-2.24.so
7f9c58273000-7f9c58274000 rw-p 00026000 08:06 11010061                   /lib/x86_64-linux-gnu/ld-2.24.so
7f9c58274000-7f9c58275000 rw-p 00000000 00:00 0 
7ffe7b54a000-7ffe7b56b000 rw-p 00000000 00:00 0                          [stack]
7ffe7b57e000-7ffe7b580000 r--p 00000000 00:00 0                          [vvar]
7ffe7b580000-7ffe7b582000 r-xp 00000000 00:00 0                          [vdso]
ffffffffff600000-ffffffffff601000 r-xp 00000000 00:00 0                  [vsyscall]

VM Arguments:
jvm_args: -Djava.awt.headless=true -Xmx1024M -Dfile.encoding=UTF-8 -Duser.country=PL -Duser.language=pl -Duser.variant 
java_command: com.android.dx.command.Main --dex --num-threads=4 --output /home/lubuntupc/AndroidStudioProjects/SamplePlayStoreWithArray/app/build/intermediates/pre-dexed/debug/com.android.support-support-v4-23.1.1_083aa409d9a594254366879f8a511f7ed2a33ed5.jar /home/lubuntupc/AndroidStudioProjects/SamplePlayStoreWithArray/app/build/intermediates/exploded-aar/com.android.support/support-v4/23.1.1/jars/classes.jar
java_class_path (initial): /home/lubuntupc/Android/Sdk/build-tools/23.0.2/lib/dx.jar
Launcher Type: SUN_STANDARD

Environment Variables:
JAVA_HOME=/usr/lib/jvm/java-8-oracle
PATH=/home/lubuntupc/bin:/home/lubuntupc/.local/bin:/usr/local/sbin:/usr/local/bin:/usr/sbin:/usr/bin:/sbin:/bin:/usr/games:/usr/local/games:/snap/bin:/usr/lib/jvm/java-8-oracle/bin:/usr/lib/jvm/java-8-oracle/db/bin:/usr/lib/jvm/java-8-oracle/jre/bin
LD_LIBRARY_PATH=/home/lubuntupc/Dokumenty/android-studio/bin:
SHELL=/bin/bash
DISPLAY=:0.0

Signal Handlers:
SIGSEGV: [libjvm.so+0x9ebc60], sa_mask[0]=11111111011111111101111111111110, sa_flags=SA_RESTART|SA_SIGINFO
SIGBUS: [libjvm.so+0x9ebc60], sa_mask[0]=11111111011111111101111111111110, sa_flags=SA_RESTART|SA_SIGINFO
SIGFPE: [libjvm.so+0x84cf60], sa_mask[0]=11111111011111111101111111111110, sa_flags=SA_RESTART|SA_SIGINFO
SIGPIPE: [libjvm.so+0x84cf60], sa_mask[0]=11111111011111111101111111111110, sa_flags=SA_RESTART|SA_SIGINFO
SIGXFSZ: [libjvm.so+0x84cf60], sa_mask[0]=11111111011111111101111111111110, sa_flags=SA_RESTART|SA_SIGINFO
SIGILL: [libjvm.so+0x84cf60], sa_mask[0]=11111111011111111101111111111110, sa_flags=SA_RESTART|SA_SIGINFO
SIGUSR1: SIG_DFL, sa_mask[0]=00000000000000000000000000000000, sa_flags=none
SIGUSR2: [libjvm.so+0x84ce30], sa_mask[0]=00100000000000000000000000000000, sa_flags=SA_RESTART|SA_SIGINFO
SIGHUP: [libjvm.so+0x84d020], sa_mask[0]=11111111011111111101111111111110, sa_flags=SA_RESTART|SA_SIGINFO
SIGINT: [libjvm.so+0x84d020], sa_mask[0]=11111111011111111101111111111110, sa_flags=SA_RESTART|SA_SIGINFO
SIGTERM: [libjvm.so+0x84d020], sa_mask[0]=11111111011111111101111111111110, sa_flags=SA_RESTART|SA_SIGINFO
SIGQUIT: [libjvm.so+0x84d020], sa_mask[0]=11111111011111111101111111111110, sa_flags=SA_RESTART|SA_SIGINFO


---------------  S Y S T E M  ---------------

OS:DISTRIB_ID=Ubuntu
DISTRIB_RELEASE=16.10
DISTRIB_CODENAME=yakkety
DISTRIB_DESCRIPTION="Ubuntu 16.10"

uname:Linux 4.8.0-59-generic #64-Ubuntu SMP Thu Jun 29 19:38:34 UTC 2017 x86_64
libc:glibc 2.24 NPTL 2.24 
rlimit: STACK 8192k, CORE 0k, NPROC 15376, NOFILE 65536, AS infinity
load average:4,13 1,50 0,99

/proc/meminfo:
MemTotal:        4045152 kB
MemFree:          112456 kB
MemAvailable:      50412 kB
Buffers:            1888 kB
Cached:           306144 kB
SwapCached:            0 kB
Active:          3482448 kB
Inactive:         267140 kB
Active(anon):    3444104 kB
Inactive(anon):   228372 kB
Active(file):      38344 kB
Inactive(file):    38768 kB
Unevictable:          32 kB
Mlocked:              32 kB
SwapTotal:             0 kB
SwapFree:              0 kB
Dirty:              2144 kB
Writeback:             0 kB
AnonPages:       3441752 kB
Mapped:           284984 kB
Shmem:            230764 kB
Slab:              77116 kB
SReclaimable:      37764 kB
SUnreclaim:        39352 kB
KernelStack:       10224 kB
PageTables:        45008 kB
NFS_Unstable:          0 kB
Bounce:                0 kB
WritebackTmp:          0 kB
CommitLimit:     2022576 kB
Committed_AS:    8063840 kB
VmallocTotal:   34359738367 kB
VmallocUsed:           0 kB
VmallocChunk:          0 kB
HardwareCorrupted:     0 kB
AnonHugePages:    604160 kB
ShmemHugePages:        0 kB
ShmemPmdMapped:        0 kB
CmaTotal:              0 kB
CmaFree:               0 kB
HugePages_Total:       0
HugePages_Free:        0
HugePages_Rsvd:        0
HugePages_Surp:        0
Hugepagesize:       2048 kB
DirectMap4k:      181120 kB
DirectMap2M:     4012032 kB


CPU:total 2 (initial active 2) (2 cores per cpu, 1 threads per core) family 15 model 107 stepping 2, cmov, cx8, fxsr, mmx, sse, sse2, sse3, mmxext, 3dnowpref, tsc

/proc/cpuinfo:
processor	: 0
vendor_id	: AuthenticAMD
cpu family	: 15
model		: 107
model name	: AMD Athlon(tm) 64 X2 Dual Core Processor 6000+
stepping	: 2
cpu MHz		: 3100.000
cache size	: 512 KB
physical id	: 0
siblings	: 2
core id		: 0
cpu cores	: 2
apicid		: 0
initial apicid	: 0
fpu		: yes
fpu_exception	: yes
cpuid level	: 1
wp		: yes
flags		: fpu vme de pse tsc msr pae mce cx8 apic sep mtrr pge mca cmov pat pse36 clflush mmx fxsr sse sse2 ht syscall nx mmxext fxsr_opt rdtscp lm 3dnowext 3dnow rep_good nopl extd_apicid eagerfpu pni cx16 lahf_lm cmp_legacy svm extapic cr8_legacy 3dnowprefetch vmmcall lbrv
bugs		: apic_c1e fxsave_leak sysret_ss_attrs null_seg swapgs_fence
bogomips	: 6214.09
TLB size	: 1024 4K pages
clflush size	: 64
cache_alignment	: 64
address sizes	: 40 bits physical, 48 bits virtual
power management: ts fid vid ttp tm stc 100mhzsteps

processor	: 1
vendor_id	: AuthenticAMD
cpu family	: 15
model		: 107
model name	: AMD Athlon(tm) 64 X2 Dual Core Processor 6000+
stepping	: 2
cpu MHz		: 3100.000
cache size	: 512 KB
physical id	: 0
siblings	: 2
core id		: 1
cpu cores	: 2
apicid		: 1
initial apicid	: 1
fpu		: yes
fpu_exception	: yes
cpuid level	: 1
wp		: yes
flags		: fpu vme de pse tsc msr pae mce cx8 apic sep mtrr pge mca cmov pat pse36 clflush mmx fxsr sse sse2 ht syscall nx mmxext fxsr_opt rdtscp lm 3dnowext 3dnow rep_good nopl extd_apicid eagerfpu pni cx16 lahf_lm cmp_legacy svm extapic cr8_legacy 3dnowprefetch vmmcall lbrv
bugs		: apic_c1e fxsave_leak sysret_ss_attrs null_seg swapgs_fence
bogomips	: 6214.09
TLB size	: 1024 4K pages
clflush size	: 64
cache_alignment	: 64
address sizes	: 40 bits physical, 48 bits virtual
power management: ts fid vid ttp tm stc 100mhzsteps



Memory: 4k page, physical 4045152k(112332k free), swap 0k(0k free)

vm_info: OpenJDK 64-Bit Server VM (25.152-b01) for linux-amd64 JRE (1.8.0_152-release-915-b01), built by "builder" with gcc 4.8.4

time: Thu Nov 23 14:54:25 2017
elapsed time: 9 seconds (0d 0h 0m 9s)

